<?xml version="1.0" encoding="UTF-8"?>
<!-- Generated by org.testng.reporters.JUnitXMLReporter -->
<testsuite hostname="Josephs-MacBoo.local" ignored="0" name="Default test" tests="5" failures="0" timestamp="2021-01-20T17:05:38 WAT" time="73.589" errors="0">
  <testcase name="verifyUserCanClickSponsorLink" time="0.21" classname="com.fbistech.testcases.SponsorTest"/>
  <testcase name="verifyUserCanClickOnSporsorFormBtn" time="3.329" classname="com.fbistech.testcases.SponsorTest"/>
  <testcase name="verifyUserCanFillSponsorForm" time="5.023" classname="com.fbistech.testcases.SponsorTest"/>
  <testcase name="verifyCountryDropdownValue" time="1.243" classname="com.fbistech.testcases.SponsorTest"/>
  <testcase name="verifyCityDropdownValue" time="1.162" classname="com.fbistech.testcases.SponsorTest"/>
</testsuite> <!-- Default test -->
