<?xml version="1.0" encoding="UTF-8"?>
<!-- Generated by org.testng.reporters.JUnitXMLReporter -->
<testsuite hostname="Josephs-MacBoo.local" ignored="0" name="Default test" tests="5" failures="0" timestamp="2021-01-21T03:01:02 WAT" time="82.944" errors="0">
  <testcase name="verifyUserCanClickSponsorLink" time="0.252" classname="com.fbistech.testcases.SponsorPageTest"/>
  <testcase name="verifyUserCanClickOnSporsorFormBtn" time="3.226" classname="com.fbistech.testcases.SponsorPageTest"/>
  <testcase name="verifyUserCanFillSponsorForm" time="5.322" classname="com.fbistech.testcases.SponsorPageTest"/>
  <testcase name="verifyCountryDropdownValue" time="1.46" classname="com.fbistech.testcases.SponsorPageTest"/>
  <testcase name="verifyCityDropdownValue" time="1.051" classname="com.fbistech.testcases.SponsorPageTest"/>
</testsuite> <!-- Default test -->
