<?xml version="1.0" encoding="UTF-8"?>
<testng-results skipped="0" failed="0" ignored="0" total="5" passed="5">
  <reporter-output>
  </reporter-output>
  <suite name="Default suite" duration-ms="82944" started-at="2021-01-21T02:59:39 WAT" finished-at="2021-01-21T03:01:02 WAT">
    <groups>
    </groups>
    <test name="Default test" duration-ms="82944" started-at="2021-01-21T02:59:39 WAT" finished-at="2021-01-21T03:01:02 WAT">
      <class name="com.fbistech.testcases.SponsorPageTest">
        <test-method status="PASS" signature="setUp()[pri:0, instance:com.fbistech.testcases.SponsorPageTest@76b0bfab]" name="setUp" is-config="true" duration-ms="16980" started-at="2021-01-21T02:59:39 WAT" finished-at="2021-01-21T02:59:56 WAT">
          <reporter-output>
          </reporter-output>
        </test-method> <!-- setUp -->
        <test-method status="PASS" signature="verifyUserCanClickSponsorLink()[pri:1, instance:com.fbistech.testcases.SponsorPageTest@76b0bfab]" name="verifyUserCanClickSponsorLink" duration-ms="252" started-at="2021-01-21T02:59:56 WAT" finished-at="2021-01-21T02:59:56 WAT">
          <reporter-output>
          </reporter-output>
        </test-method> <!-- verifyUserCanClickSponsorLink -->
        <test-method status="PASS" signature="tearDown()[pri:0, instance:com.fbistech.testcases.SponsorPageTest@76b0bfab]" name="tearDown" is-config="true" duration-ms="3221" started-at="2021-01-21T02:59:56 WAT" finished-at="2021-01-21T02:59:59 WAT">
          <reporter-output>
          </reporter-output>
        </test-method> <!-- tearDown -->
        <test-method status="PASS" signature="setUp()[pri:0, instance:com.fbistech.testcases.SponsorPageTest@76b0bfab]" name="setUp" is-config="true" duration-ms="11132" started-at="2021-01-21T02:59:59 WAT" finished-at="2021-01-21T03:00:10 WAT">
          <reporter-output>
          </reporter-output>
        </test-method> <!-- setUp -->
        <test-method status="PASS" signature="verifyUserCanClickOnSporsorFormBtn()[pri:2, instance:com.fbistech.testcases.SponsorPageTest@76b0bfab]" name="verifyUserCanClickOnSporsorFormBtn" duration-ms="3226" started-at="2021-01-21T03:00:10 WAT" finished-at="2021-01-21T03:00:14 WAT">
          <reporter-output>
          </reporter-output>
        </test-method> <!-- verifyUserCanClickOnSporsorFormBtn -->
        <test-method status="PASS" signature="tearDown()[pri:0, instance:com.fbistech.testcases.SponsorPageTest@76b0bfab]" name="tearDown" is-config="true" duration-ms="3145" started-at="2021-01-21T03:00:14 WAT" finished-at="2021-01-21T03:00:17 WAT">
          <reporter-output>
          </reporter-output>
        </test-method> <!-- tearDown -->
        <test-method status="PASS" signature="setUp()[pri:0, instance:com.fbistech.testcases.SponsorPageTest@76b0bfab]" name="setUp" is-config="true" duration-ms="8386" started-at="2021-01-21T03:00:17 WAT" finished-at="2021-01-21T03:00:25 WAT">
          <reporter-output>
          </reporter-output>
        </test-method> <!-- setUp -->
        <test-method status="PASS" signature="verifyUserCanFillSponsorForm()[pri:3, instance:com.fbistech.testcases.SponsorPageTest@76b0bfab]" name="verifyUserCanFillSponsorForm" duration-ms="5322" started-at="2021-01-21T03:00:25 WAT" finished-at="2021-01-21T03:00:30 WAT">
          <reporter-output>
          </reporter-output>
        </test-method> <!-- verifyUserCanFillSponsorForm -->
        <test-method status="PASS" signature="tearDown()[pri:0, instance:com.fbistech.testcases.SponsorPageTest@76b0bfab]" name="tearDown" is-config="true" duration-ms="3169" started-at="2021-01-21T03:00:30 WAT" finished-at="2021-01-21T03:00:34 WAT">
          <reporter-output>
          </reporter-output>
        </test-method> <!-- tearDown -->
        <test-method status="PASS" signature="setUp()[pri:0, instance:com.fbistech.testcases.SponsorPageTest@76b0bfab]" name="setUp" is-config="true" duration-ms="10717" started-at="2021-01-21T03:00:34 WAT" finished-at="2021-01-21T03:00:44 WAT">
          <reporter-output>
          </reporter-output>
        </test-method> <!-- setUp -->
        <test-method status="PASS" signature="verifyCountryDropdownValue()[pri:4, instance:com.fbistech.testcases.SponsorPageTest@76b0bfab]" name="verifyCountryDropdownValue" duration-ms="1460" started-at="2021-01-21T03:00:44 WAT" finished-at="2021-01-21T03:00:46 WAT">
          <reporter-output>
          </reporter-output>
        </test-method> <!-- verifyCountryDropdownValue -->
        <test-method status="PASS" signature="tearDown()[pri:0, instance:com.fbistech.testcases.SponsorPageTest@76b0bfab]" name="tearDown" is-config="true" duration-ms="3209" started-at="2021-01-21T03:00:46 WAT" finished-at="2021-01-21T03:00:49 WAT">
          <reporter-output>
          </reporter-output>
        </test-method> <!-- tearDown -->
        <test-method status="PASS" signature="setUp()[pri:0, instance:com.fbistech.testcases.SponsorPageTest@76b0bfab]" name="setUp" is-config="true" duration-ms="8433" started-at="2021-01-21T03:00:49 WAT" finished-at="2021-01-21T03:00:57 WAT">
          <reporter-output>
          </reporter-output>
        </test-method> <!-- setUp -->
        <test-method status="PASS" signature="verifyCityDropdownValue()[pri:5, instance:com.fbistech.testcases.SponsorPageTest@76b0bfab]" name="verifyCityDropdownValue" duration-ms="1051" started-at="2021-01-21T03:00:57 WAT" finished-at="2021-01-21T03:00:59 WAT">
          <reporter-output>
          </reporter-output>
        </test-method> <!-- verifyCityDropdownValue -->
        <test-method status="PASS" signature="tearDown()[pri:0, instance:com.fbistech.testcases.SponsorPageTest@76b0bfab]" name="tearDown" is-config="true" duration-ms="3139" started-at="2021-01-21T03:00:59 WAT" finished-at="2021-01-21T03:01:02 WAT">
          <reporter-output>
          </reporter-output>
        </test-method> <!-- tearDown -->
      </class> <!-- com.fbistech.testcases.SponsorPageTest -->
    </test> <!-- Default test -->
  </suite> <!-- Default suite -->
</testng-results>
